<?xml version="1.0" encoding="UTF-8"?>
<!-- Generated by org.testng.reporters.JUnitReportReporter -->
<testsuite hostname="DESKTOP-NLDOMMU" failures="0" tests="2" name="lesson14.SwagLabLesson" time="6.494" errors="0" timestamp="2022-11-21T21:36:15 EET" skipped="0">
  <testcase classname="lesson14.SwagLabLesson" name="sorting_low_to_high" time="2.287"/>
  <system-out/>
  <testcase classname="lesson14.SwagLabLesson" name="sorting_high_to_low" time="4.207"/>
  <system-out/>
</testsuite> <!-- lesson14.SwagLabLesson -->
